<?xml version="1.0" encoding="UTF-8"?>
<testng-results ignored="0" total="1" passed="1" failed="0" skipped="0">
  <reporter-output>
  </reporter-output>
  <suite started-at="2022-05-03T22:10:37 IST" name=" My First Suite" finished-at="2022-05-03T22:11:09 IST" duration-ms="32215">
    <groups>
    </groups>
    <test started-at="2022-05-03T22:10:37 IST" name="First Test" finished-at="2022-05-03T22:11:09 IST" duration-ms="32215">
      <class name="Tests.FilterProductTest">
        <test-method is-config="true" signature="Initialize()[pri:0, instance:Tests.FilterProductTest@209da20d]" started-at="2022-05-03T22:10:37 IST" name="Initialize" finished-at="2022-05-03T22:10:45 IST" duration-ms="7804" status="PASS">
          <reporter-output>
          </reporter-output>
        </test-method> <!-- Initialize -->
        <test-method signature="FilterSamsungTVTest()[pri:0, instance:Tests.FilterProductTest@209da20d]" started-at="2022-05-03T22:10:45 IST" name="FilterSamsungTVTest" finished-at="2022-05-03T22:11:09 IST" duration-ms="23684" status="PASS">
          <reporter-output>
          </reporter-output>
        </test-method> <!-- FilterSamsungTVTest -->
        <test-method is-config="true" signature="CleanUp()[pri:0, instance:Tests.FilterProductTest@209da20d]" started-at="2022-05-03T22:11:09 IST" name="CleanUp" finished-at="2022-05-03T22:11:09 IST" duration-ms="679" status="PASS">
          <reporter-output>
          </reporter-output>
        </test-method> <!-- CleanUp -->
      </class> <!-- Tests.FilterProductTest -->
    </test> <!-- First Test -->
  </suite> <!--  My First Suite -->
</testng-results>
